c:\users\rutar\source\repos\popballgame\x64\debug\vc143.pdb
c:\users\rutar\source\repos\popballgame\x64\debug\.netframework,version=v4.7.2.assemblyattributes.obj
c:\users\rutar\source\repos\popballgame\x64\debug\zombie.obj
c:\users\rutar\source\repos\popballgame\x64\debug\triangle.obj
c:\users\rutar\source\repos\popballgame\x64\debug\star.obj
c:\users\rutar\source\repos\popballgame\x64\debug\rotator.obj
c:\users\rutar\source\repos\popballgame\x64\debug\rect.obj
c:\users\rutar\source\repos\popballgame\x64\debug\popobject.obj
c:\users\rutar\source\repos\popballgame\x64\debug\pictures.obj
c:\users\rutar\source\repos\popballgame\x64\debug\mover.obj
c:\users\rutar\source\repos\popballgame\x64\debug\manager.obj
c:\users\rutar\source\repos\popballgame\x64\debug\mainform.obj
c:\users\rutar\source\repos\popballgame\x64\debug\hunter.obj
c:\users\rutar\source\repos\popballgame\x64\debug\house.obj
c:\users\rutar\source\repos\popballgame\x64\debug\explosionfigure.obj
c:\users\rutar\source\repos\popballgame\x64\debug\explosion.obj
c:\users\rutar\source\repos\popballgame\x64\debug\dead.obj
c:\users\rutar\source\repos\popballgame\x64\debug\bullet.obj
c:\users\rutar\source\repos\popballgame\x64\debug\ball.obj
c:\users\rutar\source\repos\popballgame\x64\debug\weapon.obj
c:\users\rutar\source\repos\popballgame\x64\debug\creature.obj
c:\users\rutar\source\repos\popballgame\x64\debug\popballgame.exe
c:\users\rutar\source\repos\popballgame\x64\debug\popballgame.pdb
c:\users\rutar\source\repos\popballgame\x64\debug\popballgame.res
c:\users\rutar\source\repos\popballgame\x64\debug\popballgame.exe.metagen
c:\users\rutar\source\repos\popballgame\x64\debug\popballgame.tlog\cl.command.1.tlog
c:\users\rutar\source\repos\popballgame\x64\debug\popballgame.tlog\cl.read.1.tlog
c:\users\rutar\source\repos\popballgame\x64\debug\popballgame.tlog\cl.write.1.tlog
c:\users\rutar\source\repos\popballgame\x64\debug\popballgame.tlog\link.command.1.tlog
c:\users\rutar\source\repos\popballgame\x64\debug\popballgame.tlog\link.read.1.tlog
c:\users\rutar\source\repos\popballgame\x64\debug\popballgame.tlog\link.write.1.tlog
c:\users\rutar\source\repos\popballgame\x64\debug\popballgame.tlog\metagen.read.1.tlog
c:\users\rutar\source\repos\popballgame\x64\debug\popballgame.tlog\metagen.write.1.tlog
c:\users\rutar\source\repos\popballgame\x64\debug\popballgame.tlog\rc.command.1.tlog
c:\users\rutar\source\repos\popballgame\x64\debug\popballgame.tlog\rc.read.1.tlog
c:\users\rutar\source\repos\popballgame\x64\debug\popballgame.tlog\rc.write.1.tlog
c:\users\rutar\source\repos\popballgame\x64\debug\popballgame.tlog\resgen.command.1.tlog
c:\users\rutar\source\repos\popballgame\x64\debug\popballgame.tlog\resgen.read.1.tlog
c:\users\rutar\source\repos\popballgame\x64\debug\popballgame.tlog\resgen.write.1.tlog
